[     420ms] [INFO] %cDownload the React DevTools for a better development experience: https://reactjs.org/link/react-devtools font-weight:bold @ http://localhost:5173/node_modules/.vite/deps/chunk-PJEEZAML.js?v=b492bd28:21550
[    1404ms] [ERROR] Failed to load resource: the server responded with a status of 403 () @ https://accounts.google.com/gsi/button?theme=outline&size=large&shape=pill&text=continue_with&width=320&is_fedcm_supported=true&client_id=277785594096-l843j9n9n4tq20l3u0dq6mglhkeod5km.apps.googleusercontent.com&iframe_id=gsi_782834_545238&cas=paofsLZMPJ0%2BqVx6sDSwQiIpsjF8e4PfZscEr%2FJZtGQ:0
[    1410ms] [ERROR] [GSI_LOGGER]: The given origin is not allowed for the given client ID. @ https://ssl.gstatic.com/_/gsi/_/js/k=gsi.gsi.en_GB.ASSVlW0X6dc.O/am=AAAAJAhgCww/d=1/rs=AF0KOtUzVxYEXupQgjJj-QYPnabiQs4p5Q/m=credential_button_library:85
[   66101ms] [LOG] [vite] server connection lost. Polling for restart... @ http://localhost:5173/@vite/client:559
[   66104ms] [ERROR] Failed to load resource: net::ERR_CONNECTION_REFUSED @ http://localhost:5173/:0
[   67107ms] [ERROR] Failed to load resource: net::ERR_CONNECTION_REFUSED @ http://localhost:5173/:0
[   68110ms] [ERROR] Failed to load resource: net::ERR_CONNECTION_REFUSED @ http://localhost:5173/:0
[   69115ms] [ERROR] Failed to load resource: net::ERR_CONNECTION_REFUSED @ http://localhost:5173/:0
[   70118ms] [ERROR] Failed to load resource: net::ERR_CONNECTION_REFUSED @ http://localhost:5173/:0
[   71120ms] [ERROR] Failed to load resource: net::ERR_CONNECTION_REFUSED @ http://localhost:5173/:0
[   72122ms] [ERROR] Failed to load resource: net::ERR_CONNECTION_REFUSED @ http://localhost:5173/:0
[   73125ms] [ERROR] Failed to load resource: net::ERR_CONNECTION_REFUSED @ http://localhost:5173/:0
[   74127ms] [ERROR] Failed to load resource: net::ERR_CONNECTION_REFUSED @ http://localhost:5173/:0
[   75132ms] [ERROR] Failed to load resource: net::ERR_CONNECTION_REFUSED @ http://localhost:5173/:0
[   76135ms] [ERROR] Failed to load resource: net::ERR_CONNECTION_REFUSED @ http://localhost:5173/:0
[   77138ms] [ERROR] Failed to load resource: net::ERR_CONNECTION_REFUSED @ http://localhost:5173/:0
[   78139ms] [ERROR] Failed to load resource: net::ERR_CONNECTION_REFUSED @ http://localhost:5173/:0
[   79141ms] [ERROR] Failed to load resource: net::ERR_CONNECTION_REFUSED @ http://localhost:5173/:0
[   80144ms] [ERROR] Failed to load resource: net::ERR_CONNECTION_REFUSED @ http://localhost:5173/:0
[   81147ms] [ERROR] Failed to load resource: net::ERR_CONNECTION_REFUSED @ http://localhost:5173/:0
[   82150ms] [ERROR] Failed to load resource: net::ERR_CONNECTION_REFUSED @ http://localhost:5173/:0
[   83152ms] [ERROR] Failed to load resource: net::ERR_CONNECTION_REFUSED @ http://localhost:5173/:0
[   84154ms] [ERROR] Failed to load resource: net::ERR_CONNECTION_REFUSED @ http://localhost:5173/:0
[   85157ms] [ERROR] Failed to load resource: net::ERR_CONNECTION_REFUSED @ http://localhost:5173/:0
[   86159ms] [ERROR] Failed to load resource: net::ERR_CONNECTION_REFUSED @ http://localhost:5173/:0
[   87161ms] [ERROR] Failed to load resource: net::ERR_CONNECTION_REFUSED @ http://localhost:5173/:0
[   88164ms] [ERROR] Failed to load resource: net::ERR_CONNECTION_REFUSED @ http://localhost:5173/:0
[   90338ms] [INFO] %cDownload the React DevTools for a better development experience: https://reactjs.org/link/react-devtools font-weight:bold @ http://localhost:5173/node_modules/.vite/deps/chunk-PJEEZAML.js?v=b492bd28:21550
[   90696ms] [ERROR] Failed to load resource: the server responded with a status of 403 () @ https://accounts.google.com/gsi/button?theme=outline&size=large&shape=pill&text=continue_with&width=320&is_fedcm_supported=true&client_id=277785594096-l843j9n9n4tq20l3u0dq6mglhkeod5km.apps.googleusercontent.com&iframe_id=gsi_872117_656418&cas=w%2Bzqi9wJoYmn%2FQ7Vh6i8WMMqTjwyAwpBm93K8jModLY:0
[   90701ms] [ERROR] [GSI_LOGGER]: The given origin is not allowed for the given client ID. @ https://ssl.gstatic.com/_/gsi/_/js/k=gsi.gsi.en_GB.ASSVlW0X6dc.O/am=AAAAJAhgCww/d=1/rs=AF0KOtUzVxYEXupQgjJj-QYPnabiQs4p5Q/m=credential_button_library:85
