[     142ms] [INFO] %cDownload the React DevTools for a better development experience: https://reactjs.org/link/react-devtools font-weight:bold @ http://localhost:5173/node_modules/.vite/deps/chunk-PJEEZAML.js?v=b492bd28:21550
[   64725ms] [ERROR] Warning: validateDOMNesting(...): %s cannot appear as a descendant of <%s>.%s <button> button 
    at button
    at div
    at button
    at div
    at CustomerSearchDropdown (http://localhost:5173/src/components/bookings/CustomerSearchDropdown.tsx:24:3)
    at div
    at Labeled (http://localhost:5173/src/components/bookings/BookingFormV2.tsx:38:20)
    at div
    at fieldset
    at div
    at div
    at AccordionSection (http://localhost:5173/src/components/bookings/BookingFormV2.tsx:59:3)
    at form
    at div
    at BookingFormV2 (http://localhost:5173/src/components/bookings/BookingFormV2.tsx:178:3)
    at div
    at div
    at div
    at Modal (http://localhost:5173/src/components/ui/Modal.tsx:21:3)
    at div
    at BookingManagement (http://localhost:5173/src/components/bookings/BookingManagement.tsx:53:41)
    at main
    at div
    at div
    at Layout (http://localhost:5173/src/components/ui/Layout.tsx:149:19)
    at BookingsPage
    at RequireAccess (http://localhost:5173/src/App.tsx:79:26)
    at RequireAuth (http://localhost:5173/src/App.tsx:58:24)
    at RenderedRoute (http://localhost:5173/node_modules/.vite/deps/react-router-dom.js?v=b492bd28:5624:26)
    at Routes (http://localhost:5173/node_modules/.vite/deps/react-router-dom.js?v=b492bd28:6500:3)
    at Suspense
    at Router (http://localhost:5173/node_modules/.vite/deps/react-router-dom.js?v=b492bd28:6443:13)
    at BrowserRouter (http://localhost:5173/node_modules/.vite/deps/react-router-dom.js?v=b492bd28:9545:3)
    at App (http://localhost:5173/src/App.tsx:178:20) @ http://localhost:5173/node_modules/.vite/deps/chunk-PJEEZAML.js?v=b492bd28:520
